This is pdfTeX, Version 3.1415926-1.40.10 (TeX Live 2009/Debian) (format=pdflatex 2012.10.24)  14 JUN 2013 22:29
entering extended mode
 %&-line parsing enabled.
**bachelorarbeit.tex
(./bachelorarbeit.tex
LaTeX2e <2009/09/24>
Babel <v3.8l> and hyphenation patterns for english, usenglishmax, dumylang, noh
yphenation, ngerman, german, german-x-2009-06-19, ngerman-x-2009-06-19, loaded.

(/usr/share/texmf-texlive/tex/latex/base/article.cls
Document Class: article 2007/10/19 v1.4h Standard LaTeX document class
(/usr/share/texmf-texlive/tex/latex/base/size10.clo
File: size10.clo 2007/10/19 v1.4h Standard LaTeX file (size option)
)
\c@part=\count79
\c@section=\count80
\c@subsection=\count81
\c@subsubsection=\count82
\c@paragraph=\count83
\c@subparagraph=\count84
\c@figure=\count85
\c@table=\count86
\abovecaptionskip=\skip41
\belowcaptionskip=\skip42
\bibindent=\dimen102
)
(/usr/share/texmf-texlive/tex/latex/base/fontenc.sty
Package: fontenc 2005/09/27 v1.99g Standard LaTeX package

(/usr/share/texmf-texlive/tex/latex/base/t1enc.def
File: t1enc.def 2005/09/27 v1.99g Standard LaTeX file
LaTeX Font Info:    Redeclaring font encoding T1 on input line 43.
))
(/usr/share/texmf-texlive/tex/latex/base/inputenc.sty
Package: inputenc 2008/03/30 v1.1d Input encoding file
\inpenc@prehook=\toks14
\inpenc@posthook=\toks15

(/usr/share/texmf-texlive/tex/latex/base/latin1.def
File: latin1.def 2008/03/30 v1.1d Input encoding file
))
(/usr/share/texmf-texlive/tex/generic/babel/babel.sty
Package: babel 2008/07/06 v3.8l The Babel package

(/usr/share/texmf-texlive/tex/generic/babel/ngermanb.ldf
Language: ngermanb 2008/07/06 v2.6n new German support from the babel system

(/usr/share/texmf-texlive/tex/generic/babel/babel.def
File: babel.def 2008/07/06 v3.8l Babel common definitions
\babel@savecnt=\count87
\U@D=\dimen103
)
\l@naustrian = a dialect from \language\l@ngerman 
Package babel Info: Making " an active character on input line 92.
))
(/usr/share/texmf-texlive/tex/latex/psnfss/times.sty
Package: times 2005/04/12 PSNFSS-v9.2a (SPQR) 
)
(/usr/share/texmf-texlive/tex/latex/graphics/graphicx.sty
Package: graphicx 1999/02/16 v1.0f Enhanced LaTeX Graphics (DPC,SPQR)

(/usr/share/texmf-texlive/tex/latex/graphics/keyval.sty
Package: keyval 1999/03/16 v1.13 key=value parser (DPC)
\KV@toks@=\toks16
)
(/usr/share/texmf-texlive/tex/latex/graphics/graphics.sty
Package: graphics 2009/02/05 v1.0o Standard LaTeX Graphics (DPC,SPQR)

(/usr/share/texmf-texlive/tex/latex/graphics/trig.sty
Package: trig 1999/03/16 v1.09 sin cos tan (DPC)
)
(/etc/texmf/tex/latex/config/graphics.cfg
File: graphics.cfg 2009/08/28 v1.8 graphics configuration of TeX Live
)
Package graphics Info: Driver file: pdftex.def on input line 91.

(/usr/share/texmf-texlive/tex/latex/pdftex-def/pdftex.def
File: pdftex.def 2010/03/12 v0.04p Graphics/color for pdfTeX
\Gread@gobject=\count88
))
\Gin@req@height=\dimen104
\Gin@req@width=\dimen105
)
(/usr/share/texmf-texlive/tex/latex/currvita/currvita.sty
Package: currvita 1999/09/13 v0.9i Typesetting a Curriculum Vitae

(/usr/share/texmf-texlive/tex/latex/base/ifthen.sty
Package: ifthen 2001/05/26 v1.1c Standard LaTeX ifthen package (DPC)
)
\@cvlistheading=\box26
\cvlabelsep=\skip43
\cvlabelskip=\skip44
\cvlabelwidth=\skip45
)
(/usr/share/texmf-texlive/tex/latex/hyperref/hyperref.sty
Package: hyperref 2009/10/09 v6.79a Hypertext links for LaTeX

(/usr/share/texmf-texlive/tex/generic/oberdiek/ifpdf.sty
Package: ifpdf 2009/04/10 v2.0 Provides the ifpdf switch (HO)
Package ifpdf Info: pdfTeX in pdf mode detected.
)
(/usr/share/texmf-texlive/tex/generic/oberdiek/ifvtex.sty
Package: ifvtex 2008/11/04 v1.4 Switches for detecting VTeX and its modes (HO)
Package ifvtex Info: VTeX not detected.
)
(/usr/share/texmf-texlive/tex/generic/ifxetex/ifxetex.sty
Package: ifxetex 2009/01/23 v0.5 Provides ifxetex conditional
)
(/usr/share/texmf-texlive/tex/latex/oberdiek/hycolor.sty
Package: hycolor 2009/10/02 v1.5 Code for color options of hyperref/bookmark (H
O)

(/usr/share/texmf-texlive/tex/latex/oberdiek/xcolor-patch.sty
Package: xcolor-patch 2009/10/02 xcolor patch
))
\@linkdim=\dimen106
\Hy@linkcounter=\count89
\Hy@pagecounter=\count90

(/usr/share/texmf-texlive/tex/latex/hyperref/pd1enc.def
File: pd1enc.def 2009/10/09 v6.79a Hyperref: PDFDocEncoding definition (HO)
)
(/usr/share/texmf-texlive/tex/generic/oberdiek/etexcmds.sty
Package: etexcmds 2007/12/12 v1.2 Prefix for e-TeX command names (HO)

(/usr/share/texmf-texlive/tex/generic/oberdiek/infwarerr.sty
Package: infwarerr 2007/09/09 v1.2 Providing info/warning/message (HO)
)
Package etexcmds Info: Could not find \expanded.
(etexcmds)             That can mean that you are not using pdfTeX 1.50 or
(etexcmds)             that some package has redefined \expanded.
(etexcmds)             In the latter case, load this package earlier.
)
(/usr/share/texmf-texlive/tex/latex/latexconfig/hyperref.cfg
File: hyperref.cfg 2002/06/06 v1.2 hyperref configuration of TeXLive
)
(/usr/share/texmf-texlive/tex/latex/oberdiek/kvoptions.sty
Package: kvoptions 2009/08/13 v3.4 Keyval support for LaTeX options (HO)

(/usr/share/texmf-texlive/tex/generic/oberdiek/kvsetkeys.sty
Package: kvsetkeys 2009/07/30 v1.5 Key value parser with default handler suppor
t (HO)
))
Package hyperref Info: Hyper figures OFF on input line 2975.
Package hyperref Info: Link nesting OFF on input line 2980.
Package hyperref Info: Hyper index ON on input line 2983.
Package hyperref Info: Plain pages OFF on input line 2990.
Package hyperref Info: Backreferencing OFF on input line 2995.

Implicit mode ON; LaTeX internals redefined
Package hyperref Info: Bookmarks ON on input line 3191.
(/usr/share/texmf-texlive/tex/latex/ltxmisc/url.sty
\Urlmuskip=\muskip10
Package: url 2006/04/12  ver 3.3  Verb mode for urls, etc.
)
LaTeX Info: Redefining \url on input line 3428.

(/usr/share/texmf-texlive/tex/generic/oberdiek/bitset.sty
Package: bitset 2007/09/28 v1.0 Data type bit set (HO)

(/usr/share/texmf-texlive/tex/generic/oberdiek/intcalc.sty
Package: intcalc 2007/09/27 v1.1 Expandable integer calculations (HO)
)
(/usr/share/texmf-texlive/tex/generic/oberdiek/bigintcalc.sty
Package: bigintcalc 2007/11/11 v1.1 Expandable big integer calculations (HO)

(/usr/share/texmf-texlive/tex/generic/oberdiek/pdftexcmds.sty
Package: pdftexcmds 2009/09/23 v0.6 LuaTeX support for pdfTeX utility functions
 (HO)

(/usr/share/texmf-texlive/tex/generic/oberdiek/ifluatex.sty
Package: ifluatex 2009/04/17 v1.2 Provides the ifluatex switch (HO)
Package ifluatex Info: LuaTeX not detected.
)
(/usr/share/texmf-texlive/tex/generic/oberdiek/ltxcmds.sty
Package: ltxcmds 2009/08/05 v1.0 Some LaTeX kernel commands for general use (HO
)
)
Package pdftexcmds Info: LuaTeX not detected.
Package pdftexcmds Info: \pdf@primitive is available.
Package pdftexcmds Info: \pdf@ifprimitive is available.
)))
\Fld@menulength=\count91
\Field@Width=\dimen107
\Fld@charsize=\dimen108
\Field@toks=\toks17
Package hyperref Info: Hyper figures OFF on input line 4377.
Package hyperref Info: Link nesting OFF on input line 4382.
Package hyperref Info: Hyper index ON on input line 4385.
Package hyperref Info: backreferencing OFF on input line 4392.
Package hyperref Info: Link coloring OFF on input line 4397.
Package hyperref Info: Link coloring with OCG OFF on input line 4402.
Package hyperref Info: PDF/A mode OFF on input line 4407.

(/usr/share/texmf-texlive/tex/generic/oberdiek/atbegshi.sty
Package: atbegshi 2008/07/31 v1.9 At begin shipout hook (HO)
)
\Hy@abspage=\count92
\c@Item=\count93
\c@Hfootnote=\count94
)
*hyperref using default driver hpdftex*
(/usr/share/texmf-texlive/tex/latex/hyperref/hpdftex.def
File: hpdftex.def 2009/10/09 v6.79a Hyperref driver for pdfTeX
\Fld@listcount=\count95
)
(/usr/share/texmf-texlive/tex/latex/tools/longtable.sty
Package: longtable 2004/02/01 v4.11 Multi-page Table package (DPC)
\LTleft=\skip46
\LTright=\skip47
\LTpre=\skip48
\LTpost=\skip49
\LTchunksize=\count96
\LTcapwidth=\dimen109
\LT@head=\box27
\LT@firsthead=\box28
\LT@foot=\box29
\LT@lastfoot=\box30
\LT@cols=\count97
\LT@rows=\count98
\c@LT@tables=\count99
\c@LT@chunks=\count100
\LT@p@ftn=\toks18
)
(/usr/share/texmf-texlive/tex/latex/float/float.sty
Package: float 2001/11/08 v1.3d Float enhancements (AL)
\c@float@type=\count101
\float@exts=\toks19
\float@box=\box31
\@float@everytoks=\toks20
\@floatcapt=\box32
)
(/usr/share/texmf-texlive/tex/latex/caption/caption.sty
Package: caption 2009/10/09 v3.1k Customizing captions (AR)

(/usr/share/texmf-texlive/tex/latex/caption/caption3.sty
Package: caption3 2009/10/09 v3.1k caption3 kernel (AR)
\captionmargin=\dimen110
\captionmargin@=\dimen111
\captionwidth=\dimen112
\caption@indent=\dimen113
\caption@parindent=\dimen114
\caption@hangindent=\dimen115
)
\c@ContinuedFloat=\count102
Package caption Info: float package is loaded.
Package caption Info: hyperref package is loaded.
Package caption Info: longtable package is loaded.

(/usr/share/texmf-texlive/tex/latex/caption/ltcaption.sty
Package: ltcaption 2008/03/28 v1.2 longtable captions (AR)
))
(/usr/share/texmf-texlive/tex/latex/caption/subcaption.sty
Package: subcaption 2008/08/31 v1.0b Adding subcaptions (AR)
\c@subfigure=\count103
\c@subtable=\count104
)
(/usr/share/texmf-texlive/tex/latex/amsmath/amsmath.sty
Package: amsmath 2000/07/18 v2.13 AMS math features
\@mathmargin=\skip50

For additional information on amsmath, use the `?' option.
(/usr/share/texmf-texlive/tex/latex/amsmath/amstext.sty
Package: amstext 2000/06/29 v2.01

(/usr/share/texmf-texlive/tex/latex/amsmath/amsgen.sty
File: amsgen.sty 1999/11/30 v2.0
\@emptytoks=\toks21
\ex@=\dimen116
))
(/usr/share/texmf-texlive/tex/latex/amsmath/amsbsy.sty
Package: amsbsy 1999/11/29 v1.2d
\pmbraise@=\dimen117
)
(/usr/share/texmf-texlive/tex/latex/amsmath/amsopn.sty
Package: amsopn 1999/12/14 v2.01 operator names
)
\inf@bad=\count105
LaTeX Info: Redefining \frac on input line 211.
\uproot@=\count106
\leftroot@=\count107
LaTeX Info: Redefining \overline on input line 307.
\classnum@=\count108
\DOTSCASE@=\count109
LaTeX Info: Redefining \ldots on input line 379.
LaTeX Info: Redefining \dots on input line 382.
LaTeX Info: Redefining \cdots on input line 467.
\Mathstrutbox@=\box33
\strutbox@=\box34
\big@size=\dimen118
LaTeX Font Info:    Redeclaring font encoding OML on input line 567.
LaTeX Font Info:    Redeclaring font encoding OMS on input line 568.
\macc@depth=\count110
\c@MaxMatrixCols=\count111
\dotsspace@=\muskip11
\c@parentequation=\count112
\dspbrk@lvl=\count113
\tag@help=\toks22
\row@=\count114
\column@=\count115
\maxfields@=\count116
\andhelp@=\toks23
\eqnshift@=\dimen119
\alignsep@=\dimen120
\tagshift@=\dimen121
\tagwidth@=\dimen122
\totwidth@=\dimen123
\lineht@=\dimen124
\@envbody=\toks24
\multlinegap=\skip51
\multlinetaggap=\skip52
\mathdisplay@stack=\toks25
LaTeX Info: Redefining \[ on input line 2666.
LaTeX Info: Redefining \] on input line 2667.
)
(/usr/share/texmf-texlive/tex/latex/amsfonts/amsfonts.sty
Package: amsfonts 2009/06/22 v3.00 Basic AMSFonts support
\symAMSa=\mathgroup4
\symAMSb=\mathgroup5
LaTeX Font Info:    Overwriting math alphabet `\mathfrak' in version `bold'
(Font)                  U/euf/m/n --> U/euf/b/n on input line 96.
)
(/usr/share/texmf-texlive/tex/latex/amsfonts/amssymb.sty
Package: amssymb 2009/06/22 v3.00
)
(/usr/share/texmf-texlive/tex/latex/amscls/amsthm.sty
Package: amsthm 2004/08/06 v2.20
\thm@style=\toks26
\thm@bodyfont=\toks27
\thm@headfont=\toks28
\thm@notefont=\toks29
\thm@headpunct=\toks30
\thm@preskip=\skip53
\thm@postskip=\skip54
\thm@headsep=\skip55
\dth@everypar=\toks31
)
(/usr/share/texmf-texlive/tex/latex/paralist/paralist.sty
Package: paralist 2002/03/18 v2.3b Extended list environments (BS)
\pltopsep=\skip56
\plpartopsep=\skip57
\plitemsep=\skip58
\plparsep=\skip59
\pl@lab=\toks32
)
(/usr/share/texmf-texlive/tex/latex/wasysym/wasysym.sty
Package: wasysym 2003/10/30 v2.0 Wasy-2 symbol support package
\symwasy=\mathgroup6
LaTeX Font Info:    Overwriting symbol font `wasy' in version `bold'
(Font)                  U/wasy/m/n --> U/wasy/b/n on input line 90.
)
\c@definition=\count117
 (./bachelorarbeit.aux
(./Erklaerung.aux))
\openout1 = `bachelorarbeit.aux'.

LaTeX Font Info:    Checking defaults for OML/cmm/m/it on input line 56.
LaTeX Font Info:    ... okay on input line 56.
LaTeX Font Info:    Checking defaults for T1/cmr/m/n on input line 56.
LaTeX Font Info:    ... okay on input line 56.
LaTeX Font Info:    Checking defaults for OT1/cmr/m/n on input line 56.
LaTeX Font Info:    ... okay on input line 56.
LaTeX Font Info:    Checking defaults for OMS/cmsy/m/n on input line 56.
LaTeX Font Info:    ... okay on input line 56.
LaTeX Font Info:    Checking defaults for OMX/cmex/m/n on input line 56.
LaTeX Font Info:    ... okay on input line 56.
LaTeX Font Info:    Checking defaults for U/cmr/m/n on input line 56.
LaTeX Font Info:    ... okay on input line 56.
LaTeX Font Info:    Checking defaults for PD1/pdf/m/n on input line 56.
LaTeX Font Info:    ... okay on input line 56.
LaTeX Font Info:    Try loading font information for T1+ptm on input line 56.
 (/usr/share/texmf-texlive/tex/latex/psnfss/t1ptm.fd
File: t1ptm.fd 2001/06/04 font definitions for T1/ptm.
)
(/usr/share/texmf-texlive/tex/context/base/supp-pdf.mkii
[Loading MPS to PDF converter (version 2006.09.02).]
\scratchcounter=\count118
\scratchdimen=\dimen125
\scratchbox=\box35
\nofMPsegments=\count119
\nofMParguments=\count120
\everyMPshowfont=\toks33
\MPscratchCnt=\count121
\MPscratchDim=\dimen126
\MPnumerator=\count122
\everyMPtoPDFconversion=\toks34
)
Package hyperref Info: Link coloring OFF on input line 56.
 (/usr/share/texmf-texlive/tex/latex/hyperref/nameref.sty
Package: nameref 2007/05/29 v2.31 Cross-referencing by name of section

(/usr/share/texmf-texlive/tex/latex/oberdiek/refcount.sty
Package: refcount 2008/08/11 v3.1 Data extraction from references (HO)
)
\c@section@level=\count123
)
LaTeX Info: Redefining \ref on input line 56.
LaTeX Info: Redefining \pageref on input line 56.

(./bachelorarbeit.out) (./bachelorarbeit.out)
\@outlinefile=\write3
\openout3 = `bachelorarbeit.out'.

\AtBeginShipoutBox=\box36
Package caption Info: Begin \AtBeginDocument code.
Package caption Info: End \AtBeginDocument code.
 [1

{/var/lib/texmf/fonts/map/pdftex/updmap/pdftex.map}]
\openout2 = `Erklaerung.aux'.

 (./Erklaerung.tex
LaTeX Font Info:    Font shape `T1/ptm/bx/n' in size <10> not available
(Font)              Font shape `T1/ptm/b/n' tried instead on input line 1.

Underfull \hbox (badness 10000) in paragraph at lines 1--2

 []


Underfull \hbox (badness 10000) in paragraph at lines 3--4

 []


Underfull \hbox (badness 10000) in paragraph at lines 6--8

 []

) [2

]
LaTeX Font Info:    Font shape `T1/ptm/bx/n' in size <14.4> not available
(Font)              Font shape `T1/ptm/b/n' tried instead on input line 80.
 (./bachelorarbeit.toc
LaTeX Font Info:    Try loading font information for U+msa on input line 5.

(/usr/share/texmf-texlive/tex/latex/amsfonts/umsa.fd
File: umsa.fd 2009/06/22 v3.00 AMS symbols A
)
LaTeX Font Info:    Try loading font information for U+msb on input line 5.

(/usr/share/texmf-texlive/tex/latex/amsfonts/umsb.fd
File: umsb.fd 2009/06/22 v3.00 AMS symbols B
)
LaTeX Font Info:    Try loading font information for U+wasy on input line 5.

(/usr/share/texmf-texlive/tex/latex/wasysym/uwasy.fd
File: uwasy.fd 2003/10/30 v2.0 Wasy-2 symbol font definitions
))
\tf@toc=\write4
\openout4 = `bachelorarbeit.toc'.

 [3

] (./1.Kapitel.tex
Underfull \hbox (badness 10000) in paragraph at lines 3--4

 []

) (./2.Kapitel.tex
Overfull \hbox (2.9011pt too wide) in paragraph at lines 3--5
[]\T1/ptm/m/n/10 Wir nen-nen den Raum zwi-schen den vier be-nach-bar-ten Punk-t
en $\OT1/cmr/m/n/10 (\OML/cmm/m/it/10 x; y\OT1/cmr/m/n/10 )\OML/cmm/m/it/10 ; \
OT1/cmr/m/n/10 (\OML/cmm/m/it/10 x \OT1/cmr/m/n/10 + 1\OML/cmm/m/it/10 ; y\OT1/
cmr/m/n/10 )\OML/cmm/m/it/10 ; \OT1/cmr/m/n/10 (\OML/cmm/m/it/10 x; y \OT1/cmr/
m/n/10 +
 []

[4]
Underfull \hbox (badness 10000) in paragraph at lines 27--29

 []

[5] (./Bilder/einlbijektion.pstex_t

! LaTeX Error: Unknown graphics extension: .pstex.

See the LaTeX manual or LaTeX Companion for explanation.
Type  H <return>  for immediate help.
 ...                                              
                                                  
l.2 \includegraphics{einlbijektion.pstex}
                                         %
Try typing  <return>  to proceed.
If that doesn't work, type  X <return>  to quit.

) [6]
Underfull \hbox (badness 10000) in paragraph at lines 103--105

 []

[7]
Overfull \hbox (1.82263pt too wide) in paragraph at lines 110--112
[]\T1/ptm/m/n/10 Der Git-ter-graph $\OML/cmm/m/it/10 G$ \T1/ptm/m/n/10 des zu-g
e-hö-ri-gen per-fek-ten Mat-chings bzw $[]$ der zu-ge-hö-ri-gen $\OT1/cmr/m/n/1
0 (3\OML/cmm/m/it/10 ; \OT1/cmr/m/n/10 1)$\T1/ptm/m/n/10 -
 []


Underfull \hbox (badness 10000) in paragraph at lines 137--140

 []

[8]
LaTeX Font Info:    Try loading font information for OMS+ptm on input line 159.

 (/usr/share/texmf-texlive/tex/latex/psnfss/omsptm.fd
File: omsptm.fd 
)
LaTeX Font Info:    Font shape `OMS/ptm/m/n' in size <10> not available
(Font)              Font shape `OMS/cmsy/m/n' tried instead on input line 159.
 [9]
(./Bilder/thurston1.pstex_t

! LaTeX Error: Unknown graphics extension: .pstex.

See the LaTeX manual or LaTeX Companion for explanation.
Type  H <return>  for immediate help.
 ...                                              
                                                  
l.2 \includegraphics{thurston1.pstex}
                                     %
Try typing  <return>  to proceed.
If that doesn't work, type  X <return>  to quit.

)
Underfull \hbox (badness 10000) in paragraph at lines 216--217

 []

[10] (./Bilder/thurston2.pstex_t

! LaTeX Error: Unknown graphics extension: .pstex.

See the LaTeX manual or LaTeX Companion for explanation.
Type  H <return>  for immediate help.
 ...                                              
                                                  
l.2 \includegraphics{thurston2.pstex}
                                     %
Try typing  <return>  to proceed.
If that doesn't work, type  X <return>  to quit.

)
Underfull \hbox (badness 10000) in paragraph at lines 235--236

 []


Underfull \hbox (badness 10000) in paragraph at lines 237--239

 []

[11]
Underfull \hbox (badness 10000) in paragraph at lines 243--244

 []

[12]
Overfull \hbox (0.90047pt too wide) in paragraph at lines 284--285
[]\OT1/cmr/m/n/10 (\OML/cmm/m/it/10 h[]; h[]\OT1/cmr/m/n/10 )$ \T1/ptm/m/n/10 f
unk-tio-niert ana-log. Zu zei-gen ist, dass $[]\OT1/cmr/m/n/10 (\OML/cmm/m/it/1
0 h[]; h[]\OT1/cmr/m/n/10 )$ \T1/ptm/m/n/10 und $[]\OT1/cmr/m/n/10 (\OML/cmm/m/
it/10 h[]; h[]\OT1/cmr/m/n/10 )$
 []


Overfull \hbox (2.4362pt too wide) in paragraph at lines 296--298
[]\T1/ptm/m/n/10 Wir müs-sen die Ei-gen-schaf-ten aus De-fi-ni-ti-on []2.7[] na
ch-wei-sen. Sei-en al-so $\OML/cmm/m/it/10 x; y \OMS/cmsy/m/n/10 2
 []

[13]
Overfull \hbox (23.41682pt too wide) in paragraph at lines 310--311
\T1/ptm/m/n/10 Aus Satz []3.6[] folgt, dass die Men-ge die-ser Vek-to-ren be-zü
g-lich Minimums-/Maximumsbildung
 []


Overfull \hbox (14.831pt too wide) in paragraph at lines 314--316
\T1/ptm/m/n/10 gän-ge sind die Face-Flips, wie wir sie auch in dem Be-weis für 
all-ge-mei-ne $\OML/cmm/m/it/10 $\T1/ptm/m/n/10 -Orientierungen
 []

(./Bilder/thurston3.pstex_t

! LaTeX Error: Unknown graphics extension: .pstex.

See the LaTeX manual or LaTeX Companion for explanation.
Type  H <return>  for immediate help.
 ...                                              
                                                  
l.2 \includegraphics{thurston3.pstex}
                                     %
Try typing  <return>  to proceed.
If that doesn't work, type  X <return>  to quit.

)

LaTeX Warning: `!h' float specifier changed to `!ht'.


Underfull \hbox (badness 10000) in paragraph at lines 323--324

 []


Underfull \hbox (badness 10000) in paragraph at lines 325--327

 []

[14] (./Bilder/thurston4.pstex_t

! LaTeX Error: Unknown graphics extension: .pstex.

See the LaTeX manual or LaTeX Companion for explanation.
Type  H <return>  for immediate help.
 ...                                              
                                                  
l.2 \includegraphics{thurston4.pstex}
                                     %
Try typing  <return>  to proceed.
If that doesn't work, type  X <return>  to quit.

)

Package hyperref Warning: Token not allowed in a PDF string (PDFDocEncoding):
(hyperref)                removing `math shift' on input line 343.


Package hyperref Warning: Token not allowed in a PDF string (PDFDocEncoding):
(hyperref)                removing `\alpha' on input line 343.


Package hyperref Warning: Token not allowed in a PDF string (PDFDocEncoding):
(hyperref)                removing `math shift' on input line 343.


Underfull \hbox (badness 10000) in paragraph at lines 345--346

 []

[15]
Overfull \hbox (17.81168pt too wide) in paragraph at lines 356--357
[]\T1/ptm/m/n/10 die Kan-ten, die vom Rand ins In-ne-re des Krei-ses ge-hen sin
d in al-len $\OML/cmm/m/it/10 $\T1/ptm/m/n/10 -Orientierungen
 []

[16]
Underfull \hbox (badness 10000) in paragraph at lines 379--380

 []


Underfull \hbox (badness 10000) in paragraph at lines 400--401

 []

[17]
Underfull \hbox (badness 10000) in paragraph at lines 428--429

 []

[18]
Overfull \hbox (1.60855pt too wide) in paragraph at lines 461--462
\T1/ptm/m/n/10 züg-lich $\OML/cmm/m/it/10 X[]$\T1/ptm/m/n/10 , ist, dann wird $
\OML/cmm/m/it/10 e$ \T1/ptm/m/n/10 wie in $\OML/cmm/m/it/10 X[]$ \T1/ptm/m/n/10
 ge-rich-tet, falls $\OMS/cmsy/m/n/10 P\OT1/cmr/m/n/10 (\OML/cmm/m/it/10 C[]\OT
1/cmr/m/n/10 ) = \OMS/cmsy/m/n/10 P\OT1/cmr/m/n/10 (\OML/cmm/m/it/10 C[]\OT1/cm
r/m/n/10 )$\T1/ptm/m/n/10 ,
 []

[19]
Underfull \hbox (badness 10000) in paragraph at lines 479--480

 []

) [20] [21] (./3.Kapitel.tex
Overfull \hbox (8.18263pt too wide) in paragraph at lines 3--4
\T1/ptm/m/n/10 Orientierungen las-sen sich pro-blem-los auf dem To-rus de-fi-ni
e-ren. Ei-ne $\OT1/cmr/m/n/10 (3\OML/cmm/m/it/10 ; \OT1/cmr/m/n/10 1)$\T1/ptm/m
/n/10 -Orientierung
 []

(./Bilder/nullhomolog.pstex_t

! LaTeX Error: Unknown graphics extension: .pstex.

See the LaTeX manual or LaTeX Companion for explanation.
Type  H <return>  for immediate help.
 ...                                              
                                                  
l.2 \includegraphics{nullhomolog.pstex}
                                       %
Try typing  <return>  to proceed.
If that doesn't work, type  X <return>  to quit.

) [22]
Overfull \hbox (21.41049pt too wide) in paragraph at lines 24--25
[]\T1/ptm/m/n/10 Beispielsweise ha-ben wir be-reits ge-se-hen, dass sich je-der
 Kreis in pla-na-ren $\OML/cmm/m/it/10 $\T1/ptm/m/n/10 -Orientierungen
 []

LaTeX Font Info:    Font shape `T1/ptm/bx/n' in size <12> not available
(Font)              Font shape `T1/ptm/b/n' tried instead on input line 33.

Underfull \hbox (badness 10000) in paragraph at lines 34--36

 []

(./Bilder/ex0.pstex_t

! LaTeX Error: Unknown graphics extension: .pstex.

See the LaTeX manual or LaTeX Companion for explanation.
Type  H <return>  for immediate help.
 ...                                              
                                                  
l.2 \includegraphics{ex0.pstex}
                               %
Try typing  <return>  to proceed.
If that doesn't work, type  X <return>  to quit.

)
Underfull \hbox (badness 10000) in paragraph at lines 37--44

 []


LaTeX Warning: `!h' float specifier changed to `!ht'.

[23] (./Bilder/treppen1.pstex_t

! LaTeX Error: Unknown graphics extension: .pstex.

See the LaTeX manual or LaTeX Companion for explanation.
Type  H <return>  for immediate help.
 ...                                              
                                                  
l.2 \includegraphics{treppen1.pstex}
                                    %
Try typing  <return>  to proceed.
If that doesn't work, type  X <return>  to quit.

)
Underfull \hbox (badness 10000) in paragraph at lines 57--58

 []

(./Bilder/ex1.pstex_t

! LaTeX Error: Unknown graphics extension: .pstex.

See the LaTeX manual or LaTeX Companion for explanation.
Type  H <return>  for immediate help.
 ...                                              
                                                  
l.2 \includegraphics{ex1.pstex}
                               %
Try typing  <return>  to proceed.
If that doesn't work, type  X <return>  to quit.

)

LaTeX Warning: `!h' float specifier changed to `!ht'.

(./Bilder/ggbsp1.pstex_t

! LaTeX Error: Unknown graphics extension: .pstex.

See the LaTeX manual or LaTeX Companion for explanation.
Type  H <return>  for immediate help.
 ...                                              
                                                  
l.2 \includegraphics{ggbsp1.pstex}
                                  %
Try typing  <return>  to proceed.
If that doesn't work, type  X <return>  to quit.

) [24]
Underfull \hbox (badness 10000) in paragraph at lines 75--76

 []

[25] [26] (./Bilder/ex1.pstex_t

! LaTeX Error: Unknown graphics extension: .pstex.

See the LaTeX manual or LaTeX Companion for explanation.
Type  H <return>  for immediate help.
 ...                                              
                                                  
l.2 \includegraphics{ex1.pstex}
                               %
Try typing  <return>  to proceed.
If that doesn't work, type  X <return>  to quit.

) (./Bilder/ex2.pstex_t

! LaTeX Error: Unknown graphics extension: .pstex.

See the LaTeX manual or LaTeX Companion for explanation.
Type  H <return>  for immediate help.
 ...                                              
                                                  
l.2 \includegraphics{ex2.pstex}
                               %
Try typing  <return>  to proceed.
If that doesn't work, type  X <return>  to quit.

) (./Bilder/ex2orientierung.pstex_t

! LaTeX Error: Unknown graphics extension: .pstex.

See the LaTeX manual or LaTeX Companion for explanation.
Type  H <return>  for immediate help.
 ...                                              
                                                  
l.2 \includegraphics{ex2orientierung.pstex}
                                           %
Try typing  <return>  to proceed.
If that doesn't work, type  X <return>  to quit.

)

LaTeX Warning: `!h' float specifier changed to `!ht'.

(./Bilder/treppen3.pstex_t

! LaTeX Error: Unknown graphics extension: .pstex.

See the LaTeX manual or LaTeX Companion for explanation.
Type  H <return>  for immediate help.
 ...                                              
                                                  
l.2 \includegraphics{treppen3.pstex}
                                    %
Try typing  <return>  to proceed.
If that doesn't work, type  X <return>  to quit.

)

LaTeX Warning: `!h' float specifier changed to `!ht'.

[27] [28] [29]) [30] (./4.Kapitel.tex
Underfull \hbox (badness 10000) in paragraph at lines 2--5

 []


Underfull \hbox (badness 10000) in paragraph at lines 9--10

 []

(./Bilder/beule1.pstex_t

! LaTeX Error: Unknown graphics extension: .pstex.

See the LaTeX manual or LaTeX Companion for explanation.
Type  H <return>  for immediate help.
 ...                                              
                                                  
l.2 \includegraphics{beule1.pstex}
                                  %
Try typing  <return>  to proceed.
If that doesn't work, type  X <return>  to quit.

)

LaTeX Warning: `!h' float specifier changed to `!ht'.


Underfull \hbox (badness 10000) in paragraph at lines 25--27

 []

(./Bilder/beule2.pstex_t

! LaTeX Error: Unknown graphics extension: .pstex.

See the LaTeX manual or LaTeX Companion for explanation.
Type  H <return>  for immediate help.
 ...                                              
                                                  
l.2 \includegraphics{beule2.pstex}
                                  %
Try typing  <return>  to proceed.
If that doesn't work, type  X <return>  to quit.

)

LaTeX Warning: `!h' float specifier changed to `!ht'.


Underfull \hbox (badness 10000) in paragraph at lines 36--38

 []

(./Bilder/2erbeule.pstex_t

! LaTeX Error: Unknown graphics extension: .pstex.

See the LaTeX manual or LaTeX Companion for explanation.
Type  H <return>  for immediate help.
 ...                                              
                                                  
l.2 \includegraphics{2erbeule.pstex}
                                    %
Try typing  <return>  to proceed.
If that doesn't work, type  X <return>  to quit.

) [31]

LaTeX Warning: `!h' float specifier changed to `!ht'.

(./Bilder/beule3.pstex_t

! LaTeX Error: Unknown graphics extension: .pstex.

See the LaTeX manual or LaTeX Companion for explanation.
Type  H <return>  for immediate help.
 ...                                              
                                                  
l.2 \includegraphics{beule3.pstex}
                                  %
Try typing  <return>  to proceed.
If that doesn't work, type  X <return>  to quit.

)

LaTeX Warning: `!h' float specifier changed to `!ht'.

(./Bilder/beule4.pstex_t

! LaTeX Error: Unknown graphics extension: .pstex.

See the LaTeX manual or LaTeX Companion for explanation.
Type  H <return>  for immediate help.
 ...                                              
                                                  
l.2 \includegraphics{beule4.pstex}
                                  %
Try typing  <return>  to proceed.
If that doesn't work, type  X <return>  to quit.

)

LaTeX Warning: `!h' float specifier changed to `!ht'.

[32] [33] [34]) [35] (./bachelorarbeit.bbl
LaTeX Font Info:    Try loading font information for T1+pcr on input line 34.

(/usr/share/texmf-texlive/tex/latex/psnfss/t1pcr.fd
File: t1pcr.fd 2001/06/04 font definitions for T1/pcr.
)
Underfull \hbox (badness 1168) in paragraph at lines 51--54
[]\T1/ptm/m/n/10 H. N. V. Tem-per-ley and Mi-cha-el E. Fis-her, \T1/ptm/m/it/10
 Di-mer pro-blem in sta-ti-sti-cal
 []

) [36] (./bachelorarbeit.aux (./Erklaerung.aux)) ) 
Here is how much of TeX's memory you used:
 7492 strings out of 495021
 105599 string characters out of 1181034
 189505 words of memory out of 3000000
 10330 multiletter control sequences out of 15000+50000
 37342 words of font info for 55 fonts, out of 3000000 for 9000
 28 hyphenation exceptions out of 8191
 38i,14n,39p,1448b,440s stack positions out of 5000i,500n,10000p,200000b,50000s
{/usr/share/texmf-texlive/fon
ts/enc/dvips/base/8r.enc}</usr/share/texmf-texlive/fonts/type1/public/amsfonts/
cm/cmex10.pfb></usr/share/texmf-texlive/fonts/type1/public/amsfonts/cm/cmmi10.p
fb></usr/share/texmf-texlive/fonts/type1/public/amsfonts/cm/cmmi12.pfb></usr/sh
are/texmf-texlive/fonts/type1/public/amsfonts/cm/cmmi5.pfb></usr/share/texmf-te
xlive/fonts/type1/public/amsfonts/cm/cmmi7.pfb></usr/share/texmf-texlive/fonts/
type1/public/amsfonts/cm/cmr10.pfb></usr/share/texmf-texlive/fonts/type1/public
/amsfonts/cm/cmr5.pfb></usr/share/texmf-texlive/fonts/type1/public/amsfonts/cm/
cmr7.pfb></usr/share/texmf-texlive/fonts/type1/public/amsfonts/cm/cmsy10.pfb></
usr/share/texmf-texlive/fonts/type1/public/amsfonts/cm/cmsy5.pfb></usr/share/te
xmf-texlive/fonts/type1/public/amsfonts/cm/cmsy7.pfb></usr/share/texmf-texlive/
fonts/type1/public/amsfonts/symbols/msbm10.pfb></usr/share/texmf-texlive/fonts/
type1/urw/courier/ucrr8a.pfb></usr/share/texmf-texlive/fonts/type1/urw/times/ut
mb8a.pfb></usr/share/texmf-texlive/fonts/type1/urw/times/utmr8a.pfb></usr/share
/texmf-texlive/fonts/type1/urw/times/utmr8a.pfb></usr/share/texmf-texlive/fonts
/type1/urw/times/utmri8a.pfb></usr/share/texmf-texlive/fonts/type1/public/wasy/
wasy10.pfb>
Output written on bachelorarbeit.pdf (36 pages, 316871 bytes).
PDF statistics:
 412 PDF objects out of 1000 (max. 8388607)
 117 named destinations out of 1000 (max. 500000)
 73 words of extra memory for PDF output out of 10000 (max. 10000000)

